  Uic'ing MainWindow.ui...
  Moc'ing MainWindow.h...
   moc: Unknown compiler flavor 'msvc;msvc'; valid values are: msvc, unix.
   Usage: D:/Qt/Qt5.15/5.15.0/msvc2019/bin/moc [options] [header-file] [@option-file] [MOC generated json file]
   Qt Meta Object Compiler version 67 (Qt 5.15.0)
   Options:
     -?, -h, --help                    Displays help on commandline options.
     --help-all                        Displays help including Qt specific
                                       options.
     -v, --version                     Displays version information.
     -o <file>                         Write output to file rather than stdout.
     -I <dir>                          Add dir to the include path for header
                                       files.
     -F <framework>                    Add Mac framework to the include path for
                                       header files.
     -E                                Preprocess only; do not generate meta
                                       object code.
     -D <macro[=def]>                  Define macro, with optional definition.
     -U <macro>                        Undefine macro.
     -M <key=value>                    Add key/value pair to plugin meta data
     --compiler-flavor <flavor>        Set the compiler flavor: either "msvc" or
                                       "unix".
     -i                                Do not generate an #include statement.
     -p <path>                         Path prefix for included file.
     -f <file>                         Force #include <file> (overwrite default).
     -b <file>                         Prepend #include <file> (preserve default
                                       include).
     --include <file>                  Parse <file> as an #include before the main
                                       source(s).
     -n <which>                        Do not display notes (-nn) or warnings
                                       (-nw). Compatibility option.
     --no-notes                        Do not display notes.
     --no-warnings                     Do not display warnings (implies
                                       --no-notes).
     --ignore-option-clashes           Ignore all options that conflict with
                                       compilers, like -pthread conflicting with
                                       moc's -p option.
     --output-json                     In addition to generating C++ code, create
                                       a machine-readable JSON file in a file that
                                       matches the output file and an extra .json
                                       extension.
     --collect-json                    Instead of processing C++ code, collect
                                       previously generated JSON output into a
                                       single file.
     --output-dep-file                 Output a Make-style dep file for build
                                       system consumption.
     --dep-file-path <file>            Path where to write the dep file.
     --dep-file-rule-name <rule name>  The rule name (first line) of the dep file.
   Arguments:
     [header-file]                     Header file to read from, otherwise stdin.
     [@option-file]                    Read additional options from option-file.
     [MOC generated json file]         MOC generated json output
C:\Users\txf\AppData\Local\QtMsBuild\qt_globals.targets(268,5): error MSB4181: “QtRunWork”任务返回了 false，但未记录错误。
